Processing file: /root/data_experiments/results/raha-baran-results-hospital/repaired_hospital_11.96%.csv
Using clustering algorithm: K-Means
Running clustering algorithm: K-Means
Clustering complete for K-Means. Results saved to /root/data_experiments/results/cluster_results/repaired_hospital_11.96%_K-Means_results.csv. Log saved to /root/data_experiments/results/cluster_results/repaired_hospital_11.96%_K-Means.txt.
Processing file: /root/data_experiments/results/raha-baran-results-hospital/repaired_hospital_11.96%.csv
Using clustering algorithm: GMM
Running clustering algorithm: GMM
Clustering complete for GMM. Results saved to /root/data_experiments/results/cluster_results/repaired_hospital_11.96%_GMM_results.csv. Log saved to /root/data_experiments/results/cluster_results/repaired_hospital_11.96%_GMM.txt.
Processing file: /root/data_experiments/results/raha-baran-results-hospital/repaired_hospital_11.96%.csv
Using clustering algorithm: AP
Running clustering algorithm: AP
Clustering complete for AP. Results saved to /root/data_experiments/results/cluster_results/repaired_hospital_11.96%_AP_results.csv. Log saved to /root/data_experiments/results/cluster_results/repaired_hospital_11.96%_AP.txt.
Processing file: /root/data_experiments/results/raha-baran-results-hospital/repaired_hospital_11.96%.csv
Using clustering algorithm: OPTICS
Running clustering algorithm: OPTICS
Clustering complete for OPTICS. Results saved to /root/data_experiments/results/cluster_results/repaired_hospital_11.96%_OPTICS_results.csv. Log saved to /root/data_experiments/results/cluster_results/repaired_hospital_11.96%_OPTICS.txt.
Processing file: /root/data_experiments/results/raha-baran-results-hospital/repaired_hospital_11.96%.csv
Using clustering algorithm: DBSCAN
Running clustering algorithm: DBSCAN
Clustering complete for DBSCAN. Results saved to /root/data_experiments/results/cluster_results/repaired_hospital_11.96%_DBSCAN_results.csv. Log saved to /root/data_experiments/results/cluster_results/repaired_hospital_11.96%_DBSCAN.txt.
Processing file: /root/data_experiments/results/raha-baran-results-hospital/repaired_hospital_11.96%.csv
Using clustering algorithm: HC
Running clustering algorithm: HC
Clustering complete for HC. Results saved to /root/data_experiments/results/cluster_results/repaired_hospital_11.96%_HC_results.csv. Log saved to /root/data_experiments/results/cluster_results/repaired_hospital_11.96%_HC.txt.
Processing file: /root/data_experiments/results/raha-baran-results-hospital/repaired_hospital_15.34%.csv
Using clustering algorithm: K-Means
Running clustering algorithm: K-Means
Clustering complete for K-Means. Results saved to /root/data_experiments/results/cluster_results/repaired_hospital_15.34%_K-Means_results.csv. Log saved to /root/data_experiments/results/cluster_results/repaired_hospital_15.34%_K-Means.txt.
Processing file: /root/data_experiments/results/raha-baran-results-hospital/repaired_hospital_15.34%.csv
Using clustering algorithm: GMM
Running clustering algorithm: GMM
Clustering complete for GMM. Results saved to /root/data_experiments/results/cluster_results/repaired_hospital_15.34%_GMM_results.csv. Log saved to /root/data_experiments/results/cluster_results/repaired_hospital_15.34%_GMM.txt.
Processing file: /root/data_experiments/results/raha-baran-results-hospital/repaired_hospital_15.34%.csv
Using clustering algorithm: AP
Running clustering algorithm: AP
Clustering complete for AP. Results saved to /root/data_experiments/results/cluster_results/repaired_hospital_15.34%_AP_results.csv. Log saved to /root/data_experiments/results/cluster_results/repaired_hospital_15.34%_AP.txt.
Processing file: /root/data_experiments/results/raha-baran-results-hospital/repaired_hospital_15.34%.csv
Using clustering algorithm: OPTICS
Running clustering algorithm: OPTICS
Clustering complete for OPTICS. Results saved to /root/data_experiments/results/cluster_results/repaired_hospital_15.34%_OPTICS_results.csv. Log saved to /root/data_experiments/results/cluster_results/repaired_hospital_15.34%_OPTICS.txt.
Processing file: /root/data_experiments/results/raha-baran-results-hospital/repaired_hospital_15.34%.csv
Using clustering algorithm: DBSCAN
Running clustering algorithm: DBSCAN
Clustering complete for DBSCAN. Results saved to /root/data_experiments/results/cluster_results/repaired_hospital_15.34%_DBSCAN_results.csv. Log saved to /root/data_experiments/results/cluster_results/repaired_hospital_15.34%_DBSCAN.txt.
Processing file: /root/data_experiments/results/raha-baran-results-hospital/repaired_hospital_15.34%.csv
Using clustering algorithm: HC
Running clustering algorithm: HC
Clustering complete for HC. Results saved to /root/data_experiments/results/cluster_results/repaired_hospital_15.34%_HC_results.csv. Log saved to /root/data_experiments/results/cluster_results/repaired_hospital_15.34%_HC.txt.
Processing file: /root/data_experiments/results/raha-baran-results-hospital/repaired_hospital_21.65%.csv
Using clustering algorithm: K-Means
Running clustering algorithm: K-Means
Clustering complete for K-Means. Results saved to /root/data_experiments/results/cluster_results/repaired_hospital_21.65%_K-Means_results.csv. Log saved to /root/data_experiments/results/cluster_results/repaired_hospital_21.65%_K-Means.txt.
Processing file: /root/data_experiments/results/raha-baran-results-hospital/repaired_hospital_21.65%.csv
Using clustering algorithm: GMM
Running clustering algorithm: GMM
Clustering complete for GMM. Results saved to /root/data_experiments/results/cluster_results/repaired_hospital_21.65%_GMM_results.csv. Log saved to /root/data_experiments/results/cluster_results/repaired_hospital_21.65%_GMM.txt.
Processing file: /root/data_experiments/results/raha-baran-results-hospital/repaired_hospital_21.65%.csv
Using clustering algorithm: AP
Running clustering algorithm: AP
Clustering complete for AP. Results saved to /root/data_experiments/results/cluster_results/repaired_hospital_21.65%_AP_results.csv. Log saved to /root/data_experiments/results/cluster_results/repaired_hospital_21.65%_AP.txt.
Processing file: /root/data_experiments/results/raha-baran-results-hospital/repaired_hospital_21.65%.csv
Using clustering algorithm: OPTICS
Running clustering algorithm: OPTICS
Clustering complete for OPTICS. Results saved to /root/data_experiments/results/cluster_results/repaired_hospital_21.65%_OPTICS_results.csv. Log saved to /root/data_experiments/results/cluster_results/repaired_hospital_21.65%_OPTICS.txt.
Processing file: /root/data_experiments/results/raha-baran-results-hospital/repaired_hospital_21.65%.csv
Using clustering algorithm: DBSCAN
Running clustering algorithm: DBSCAN
Clustering complete for DBSCAN. Results saved to /root/data_experiments/results/cluster_results/repaired_hospital_21.65%_DBSCAN_results.csv. Log saved to /root/data_experiments/results/cluster_results/repaired_hospital_21.65%_DBSCAN.txt.
Processing file: /root/data_experiments/results/raha-baran-results-hospital/repaired_hospital_21.65%.csv
Using clustering algorithm: HC
Running clustering algorithm: HC
Clustering complete for HC. Results saved to /root/data_experiments/results/cluster_results/repaired_hospital_21.65%_HC_results.csv. Log saved to /root/data_experiments/results/cluster_results/repaired_hospital_21.65%_HC.txt.
Processing file: /root/data_experiments/results/raha-baran-results-hospital/repaired_hospital_24.83%.csv
Using clustering algorithm: K-Means
Running clustering algorithm: K-Means
Clustering complete for K-Means. Results saved to /root/data_experiments/results/cluster_results/repaired_hospital_24.83%_K-Means_results.csv. Log saved to /root/data_experiments/results/cluster_results/repaired_hospital_24.83%_K-Means.txt.
Processing file: /root/data_experiments/results/raha-baran-results-hospital/repaired_hospital_24.83%.csv
Using clustering algorithm: GMM
Running clustering algorithm: GMM
Clustering complete for GMM. Results saved to /root/data_experiments/results/cluster_results/repaired_hospital_24.83%_GMM_results.csv. Log saved to /root/data_experiments/results/cluster_results/repaired_hospital_24.83%_GMM.txt.
Processing file: /root/data_experiments/results/raha-baran-results-hospital/repaired_hospital_24.83%.csv
Using clustering algorithm: AP
Running clustering algorithm: AP
Clustering complete for AP. Results saved to /root/data_experiments/results/cluster_results/repaired_hospital_24.83%_AP_results.csv. Log saved to /root/data_experiments/results/cluster_results/repaired_hospital_24.83%_AP.txt.
Processing file: /root/data_experiments/results/raha-baran-results-hospital/repaired_hospital_24.83%.csv
Using clustering algorithm: OPTICS
Running clustering algorithm: OPTICS
Clustering complete for OPTICS. Results saved to /root/data_experiments/results/cluster_results/repaired_hospital_24.83%_OPTICS_results.csv. Log saved to /root/data_experiments/results/cluster_results/repaired_hospital_24.83%_OPTICS.txt.
Processing file: /root/data_experiments/results/raha-baran-results-hospital/repaired_hospital_24.83%.csv
Using clustering algorithm: DBSCAN
Running clustering algorithm: DBSCAN
Clustering complete for DBSCAN. Results saved to /root/data_experiments/results/cluster_results/repaired_hospital_24.83%_DBSCAN_results.csv. Log saved to /root/data_experiments/results/cluster_results/repaired_hospital_24.83%_DBSCAN.txt.
Processing file: /root/data_experiments/results/raha-baran-results-hospital/repaired_hospital_24.83%.csv
Using clustering algorithm: HC
Running clustering algorithm: HC
Clustering complete for HC. Results saved to /root/data_experiments/results/cluster_results/repaired_hospital_24.83%_HC_results.csv. Log saved to /root/data_experiments/results/cluster_results/repaired_hospital_24.83%_HC.txt.
Processing file: /root/data_experiments/results/raha-baran-results-hospital/repaired_hospital_27.96%.csv
Using clustering algorithm: K-Means
Running clustering algorithm: K-Means
Clustering complete for K-Means. Results saved to /root/data_experiments/results/cluster_results/repaired_hospital_27.96%_K-Means_results.csv. Log saved to /root/data_experiments/results/cluster_results/repaired_hospital_27.96%_K-Means.txt.
Processing file: /root/data_experiments/results/raha-baran-results-hospital/repaired_hospital_27.96%.csv
Using clustering algorithm: GMM
Running clustering algorithm: GMM
Clustering complete for GMM. Results saved to /root/data_experiments/results/cluster_results/repaired_hospital_27.96%_GMM_results.csv. Log saved to /root/data_experiments/results/cluster_results/repaired_hospital_27.96%_GMM.txt.
Processing file: /root/data_experiments/results/raha-baran-results-hospital/repaired_hospital_27.96%.csv
Using clustering algorithm: AP
Running clustering algorithm: AP
Clustering complete for AP. Results saved to /root/data_experiments/results/cluster_results/repaired_hospital_27.96%_AP_results.csv. Log saved to /root/data_experiments/results/cluster_results/repaired_hospital_27.96%_AP.txt.
Processing file: /root/data_experiments/results/raha-baran-results-hospital/repaired_hospital_27.96%.csv
Using clustering algorithm: OPTICS
Running clustering algorithm: OPTICS
Clustering complete for OPTICS. Results saved to /root/data_experiments/results/cluster_results/repaired_hospital_27.96%_OPTICS_results.csv. Log saved to /root/data_experiments/results/cluster_results/repaired_hospital_27.96%_OPTICS.txt.
Processing file: /root/data_experiments/results/raha-baran-results-hospital/repaired_hospital_27.96%.csv
Using clustering algorithm: DBSCAN
Running clustering algorithm: DBSCAN
Clustering complete for DBSCAN. Results saved to /root/data_experiments/results/cluster_results/repaired_hospital_27.96%_DBSCAN_results.csv. Log saved to /root/data_experiments/results/cluster_results/repaired_hospital_27.96%_DBSCAN.txt.
Processing file: /root/data_experiments/results/raha-baran-results-hospital/repaired_hospital_27.96%.csv
Using clustering algorithm: HC
Running clustering algorithm: HC
Clustering complete for HC. Results saved to /root/data_experiments/results/cluster_results/repaired_hospital_27.96%_HC_results.csv. Log saved to /root/data_experiments/results/cluster_results/repaired_hospital_27.96%_HC.txt.
Processing file: /root/data_experiments/results/raha-baran-results-hospital/repaired_hospital_33.68%.csv
Using clustering algorithm: K-Means
Running clustering algorithm: K-Means
Clustering complete for K-Means. Results saved to /root/data_experiments/results/cluster_results/repaired_hospital_33.68%_K-Means_results.csv. Log saved to /root/data_experiments/results/cluster_results/repaired_hospital_33.68%_K-Means.txt.
Processing file: /root/data_experiments/results/raha-baran-results-hospital/repaired_hospital_33.68%.csv
Using clustering algorithm: GMM
Running clustering algorithm: GMM
Clustering complete for GMM. Results saved to /root/data_experiments/results/cluster_results/repaired_hospital_33.68%_GMM_results.csv. Log saved to /root/data_experiments/results/cluster_results/repaired_hospital_33.68%_GMM.txt.
Processing file: /root/data_experiments/results/raha-baran-results-hospital/repaired_hospital_33.68%.csv
Using clustering algorithm: AP
Running clustering algorithm: AP
Clustering complete for AP. Results saved to /root/data_experiments/results/cluster_results/repaired_hospital_33.68%_AP_results.csv. Log saved to /root/data_experiments/results/cluster_results/repaired_hospital_33.68%_AP.txt.
Processing file: /root/data_experiments/results/raha-baran-results-hospital/repaired_hospital_33.68%.csv
Using clustering algorithm: OPTICS
Running clustering algorithm: OPTICS
Clustering complete for OPTICS. Results saved to /root/data_experiments/results/cluster_results/repaired_hospital_33.68%_OPTICS_results.csv. Log saved to /root/data_experiments/results/cluster_results/repaired_hospital_33.68%_OPTICS.txt.
Processing file: /root/data_experiments/results/raha-baran-results-hospital/repaired_hospital_33.68%.csv
Using clustering algorithm: DBSCAN
Running clustering algorithm: DBSCAN
Clustering complete for DBSCAN. Results saved to /root/data_experiments/results/cluster_results/repaired_hospital_33.68%_DBSCAN_results.csv. Log saved to /root/data_experiments/results/cluster_results/repaired_hospital_33.68%_DBSCAN.txt.
Processing file: /root/data_experiments/results/raha-baran-results-hospital/repaired_hospital_33.68%.csv
Using clustering algorithm: HC
Running clustering algorithm: HC
Clustering complete for HC. Results saved to /root/data_experiments/results/cluster_results/repaired_hospital_33.68%_HC_results.csv. Log saved to /root/data_experiments/results/cluster_results/repaired_hospital_33.68%_HC.txt.
Processing file: /root/data_experiments/results/raha-baran-results-hospital/repaired_hospital_36.52%.csv
Using clustering algorithm: K-Means
Running clustering algorithm: K-Means
Clustering complete for K-Means. Results saved to /root/data_experiments/results/cluster_results/repaired_hospital_36.52%_K-Means_results.csv. Log saved to /root/data_experiments/results/cluster_results/repaired_hospital_36.52%_K-Means.txt.
Processing file: /root/data_experiments/results/raha-baran-results-hospital/repaired_hospital_36.52%.csv
Using clustering algorithm: GMM
Running clustering algorithm: GMM
Clustering complete for GMM. Results saved to /root/data_experiments/results/cluster_results/repaired_hospital_36.52%_GMM_results.csv. Log saved to /root/data_experiments/results/cluster_results/repaired_hospital_36.52%_GMM.txt.
Processing file: /root/data_experiments/results/raha-baran-results-hospital/repaired_hospital_36.52%.csv
Using clustering algorithm: AP
Running clustering algorithm: AP
Clustering complete for AP. Results saved to /root/data_experiments/results/cluster_results/repaired_hospital_36.52%_AP_results.csv. Log saved to /root/data_experiments/results/cluster_results/repaired_hospital_36.52%_AP.txt.
Processing file: /root/data_experiments/results/raha-baran-results-hospital/repaired_hospital_36.52%.csv
Using clustering algorithm: OPTICS
Running clustering algorithm: OPTICS
Clustering complete for OPTICS. Results saved to /root/data_experiments/results/cluster_results/repaired_hospital_36.52%_OPTICS_results.csv. Log saved to /root/data_experiments/results/cluster_results/repaired_hospital_36.52%_OPTICS.txt.
Processing file: /root/data_experiments/results/raha-baran-results-hospital/repaired_hospital_36.52%.csv
Using clustering algorithm: DBSCAN
Running clustering algorithm: DBSCAN
Clustering complete for DBSCAN. Results saved to /root/data_experiments/results/cluster_results/repaired_hospital_36.52%_DBSCAN_results.csv. Log saved to /root/data_experiments/results/cluster_results/repaired_hospital_36.52%_DBSCAN.txt.
Processing file: /root/data_experiments/results/raha-baran-results-hospital/repaired_hospital_36.52%.csv
Using clustering algorithm: HC
Running clustering algorithm: HC
Clustering complete for HC. Results saved to /root/data_experiments/results/cluster_results/repaired_hospital_36.52%_HC_results.csv. Log saved to /root/data_experiments/results/cluster_results/repaired_hospital_36.52%_HC.txt.
Processing file: /root/data_experiments/results/raha-baran-results-hospital/repaired_hospital_46.52%.csv
Using clustering algorithm: K-Means
Running clustering algorithm: K-Means
Clustering complete for K-Means. Results saved to /root/data_experiments/results/cluster_results/repaired_hospital_46.52%_K-Means_results.csv. Log saved to /root/data_experiments/results/cluster_results/repaired_hospital_46.52%_K-Means.txt.
Processing file: /root/data_experiments/results/raha-baran-results-hospital/repaired_hospital_46.52%.csv
Using clustering algorithm: GMM
Running clustering algorithm: GMM
Clustering complete for GMM. Results saved to /root/data_experiments/results/cluster_results/repaired_hospital_46.52%_GMM_results.csv. Log saved to /root/data_experiments/results/cluster_results/repaired_hospital_46.52%_GMM.txt.
Processing file: /root/data_experiments/results/raha-baran-results-hospital/repaired_hospital_46.52%.csv
Using clustering algorithm: AP
Running clustering algorithm: AP
Clustering complete for AP. Results saved to /root/data_experiments/results/cluster_results/repaired_hospital_46.52%_AP_results.csv. Log saved to /root/data_experiments/results/cluster_results/repaired_hospital_46.52%_AP.txt.
Processing file: /root/data_experiments/results/raha-baran-results-hospital/repaired_hospital_46.52%.csv
Using clustering algorithm: OPTICS
Running clustering algorithm: OPTICS
Clustering complete for OPTICS. Results saved to /root/data_experiments/results/cluster_results/repaired_hospital_46.52%_OPTICS_results.csv. Log saved to /root/data_experiments/results/cluster_results/repaired_hospital_46.52%_OPTICS.txt.
Processing file: /root/data_experiments/results/raha-baran-results-hospital/repaired_hospital_46.52%.csv
Using clustering algorithm: DBSCAN
Running clustering algorithm: DBSCAN
Clustering complete for DBSCAN. Results saved to /root/data_experiments/results/cluster_results/repaired_hospital_46.52%_DBSCAN_results.csv. Log saved to /root/data_experiments/results/cluster_results/repaired_hospital_46.52%_DBSCAN.txt.
Processing file: /root/data_experiments/results/raha-baran-results-hospital/repaired_hospital_46.52%.csv
Using clustering algorithm: HC
Running clustering algorithm: HC
Clustering complete for HC. Results saved to /root/data_experiments/results/cluster_results/repaired_hospital_46.52%_HC_results.csv. Log saved to /root/data_experiments/results/cluster_results/repaired_hospital_46.52%_HC.txt.
Processing file: /root/data_experiments/results/raha-baran-results-hospital/repaired_hospital_49.29%.csv
Using clustering algorithm: K-Means
Running clustering algorithm: K-Means
Clustering complete for K-Means. Results saved to /root/data_experiments/results/cluster_results/repaired_hospital_49.29%_K-Means_results.csv. Log saved to /root/data_experiments/results/cluster_results/repaired_hospital_49.29%_K-Means.txt.
Processing file: /root/data_experiments/results/raha-baran-results-hospital/repaired_hospital_49.29%.csv
Using clustering algorithm: GMM
Running clustering algorithm: GMM
Clustering complete for GMM. Results saved to /root/data_experiments/results/cluster_results/repaired_hospital_49.29%_GMM_results.csv. Log saved to /root/data_experiments/results/cluster_results/repaired_hospital_49.29%_GMM.txt.
Processing file: /root/data_experiments/results/raha-baran-results-hospital/repaired_hospital_49.29%.csv
Using clustering algorithm: AP
Running clustering algorithm: AP
Clustering complete for AP. Results saved to /root/data_experiments/results/cluster_results/repaired_hospital_49.29%_AP_results.csv. Log saved to /root/data_experiments/results/cluster_results/repaired_hospital_49.29%_AP.txt.
Processing file: /root/data_experiments/results/raha-baran-results-hospital/repaired_hospital_49.29%.csv
Using clustering algorithm: OPTICS
Running clustering algorithm: OPTICS
Clustering complete for OPTICS. Results saved to /root/data_experiments/results/cluster_results/repaired_hospital_49.29%_OPTICS_results.csv. Log saved to /root/data_experiments/results/cluster_results/repaired_hospital_49.29%_OPTICS.txt.
Processing file: /root/data_experiments/results/raha-baran-results-hospital/repaired_hospital_49.29%.csv
Using clustering algorithm: DBSCAN
Running clustering algorithm: DBSCAN
Clustering complete for DBSCAN. Results saved to /root/data_experiments/results/cluster_results/repaired_hospital_49.29%_DBSCAN_results.csv. Log saved to /root/data_experiments/results/cluster_results/repaired_hospital_49.29%_DBSCAN.txt.
Processing file: /root/data_experiments/results/raha-baran-results-hospital/repaired_hospital_49.29%.csv
Using clustering algorithm: HC
Running clustering algorithm: HC
Clustering complete for HC. Results saved to /root/data_experiments/results/cluster_results/repaired_hospital_49.29%_HC_results.csv. Log saved to /root/data_experiments/results/cluster_results/repaired_hospital_49.29%_HC.txt.
Processing file: /root/data_experiments/results/raha-baran-results-hospital/repaired_hospital_8.53%.csv
Using clustering algorithm: K-Means
Running clustering algorithm: K-Means
Clustering complete for K-Means. Results saved to /root/data_experiments/results/cluster_results/repaired_hospital_8.53%_K-Means_results.csv. Log saved to /root/data_experiments/results/cluster_results/repaired_hospital_8.53%_K-Means.txt.
Processing file: /root/data_experiments/results/raha-baran-results-hospital/repaired_hospital_8.53%.csv
Using clustering algorithm: GMM
Running clustering algorithm: GMM
Clustering complete for GMM. Results saved to /root/data_experiments/results/cluster_results/repaired_hospital_8.53%_GMM_results.csv. Log saved to /root/data_experiments/results/cluster_results/repaired_hospital_8.53%_GMM.txt.
Processing file: /root/data_experiments/results/raha-baran-results-hospital/repaired_hospital_8.53%.csv
Using clustering algorithm: AP
Running clustering algorithm: AP
Clustering complete for AP. Results saved to /root/data_experiments/results/cluster_results/repaired_hospital_8.53%_AP_results.csv. Log saved to /root/data_experiments/results/cluster_results/repaired_hospital_8.53%_AP.txt.
Processing file: /root/data_experiments/results/raha-baran-results-hospital/repaired_hospital_8.53%.csv
Using clustering algorithm: OPTICS
Running clustering algorithm: OPTICS
Clustering complete for OPTICS. Results saved to /root/data_experiments/results/cluster_results/repaired_hospital_8.53%_OPTICS_results.csv. Log saved to /root/data_experiments/results/cluster_results/repaired_hospital_8.53%_OPTICS.txt.
Processing file: /root/data_experiments/results/raha-baran-results-hospital/repaired_hospital_8.53%.csv
Using clustering algorithm: DBSCAN
Running clustering algorithm: DBSCAN
Clustering complete for DBSCAN. Results saved to /root/data_experiments/results/cluster_results/repaired_hospital_8.53%_DBSCAN_results.csv. Log saved to /root/data_experiments/results/cluster_results/repaired_hospital_8.53%_DBSCAN.txt.
Processing file: /root/data_experiments/results/raha-baran-results-hospital/repaired_hospital_8.53%.csv
Using clustering algorithm: HC
Running clustering algorithm: HC
Clustering complete for HC. Results saved to /root/data_experiments/results/cluster_results/repaired_hospital_8.53%_HC_results.csv. Log saved to /root/data_experiments/results/cluster_results/repaired_hospital_8.53%_HC.txt.
Processing file: /root/data_experiments/results/raha-baran-results-hospital/repaired_hospital_clean.csv
Using clustering algorithm: K-Means
Running clustering algorithm: K-Means
Clustering complete for K-Means. Results saved to /root/data_experiments/results/cluster_results/repaired_hospital_clean_K-Means_results.csv. Log saved to /root/data_experiments/results/cluster_results/repaired_hospital_clean_K-Means.txt.
Processing file: /root/data_experiments/results/raha-baran-results-hospital/repaired_hospital_clean.csv
Using clustering algorithm: GMM
Running clustering algorithm: GMM
Clustering complete for GMM. Results saved to /root/data_experiments/results/cluster_results/repaired_hospital_clean_GMM_results.csv. Log saved to /root/data_experiments/results/cluster_results/repaired_hospital_clean_GMM.txt.
Processing file: /root/data_experiments/results/raha-baran-results-hospital/repaired_hospital_clean.csv
Using clustering algorithm: AP
Running clustering algorithm: AP
Clustering complete for AP. Results saved to /root/data_experiments/results/cluster_results/repaired_hospital_clean_AP_results.csv. Log saved to /root/data_experiments/results/cluster_results/repaired_hospital_clean_AP.txt.
Processing file: /root/data_experiments/results/raha-baran-results-hospital/repaired_hospital_clean.csv
Using clustering algorithm: OPTICS
Running clustering algorithm: OPTICS
Clustering complete for OPTICS. Results saved to /root/data_experiments/results/cluster_results/repaired_hospital_clean_OPTICS_results.csv. Log saved to /root/data_experiments/results/cluster_results/repaired_hospital_clean_OPTICS.txt.
Processing file: /root/data_experiments/results/raha-baran-results-hospital/repaired_hospital_clean.csv
Using clustering algorithm: DBSCAN
Running clustering algorithm: DBSCAN
Clustering complete for DBSCAN. Results saved to /root/data_experiments/results/cluster_results/repaired_hospital_clean_DBSCAN_results.csv. Log saved to /root/data_experiments/results/cluster_results/repaired_hospital_clean_DBSCAN.txt.
Processing file: /root/data_experiments/results/raha-baran-results-hospital/repaired_hospital_clean.csv
Using clustering algorithm: HC
Running clustering algorithm: HC
Clustering complete for HC. Results saved to /root/data_experiments/results/cluster_results/repaired_hospital_clean_HC_results.csv. Log saved to /root/data_experiments/results/cluster_results/repaired_hospital_clean_HC.txt.
